<?xml version="1.0" encoding="UTF-8"?>
<!-- Generated by org.testng.reporters.JUnitXMLReporter -->
<testsuite ignored="1" hostname="LAPTOP-RTQO86AS" failures="0" tests="2" name="Test" time="30.861" errors="0" timestamp="2024-05-24T08:46:51 IST">
  <testcase classname="surefirewebpages.Fb_Test" name="display" time="17.627"/>
  <testcase classname="surefirewebpages.Selenium_Test" name="display" time="13.085"/>
  <testcase classname="surefirewebpages.DWS_Test" name="display" time="0.0">
    <ignored/>
  </testcase> <!-- display -->
</testsuite> <!-- Test -->
