<?xml version="1.0" encoding="UTF-8"?>
<testng-results ignored="0" total="1" passed="1" failed="0" skipped="0">
  <reporter-output>
  </reporter-output>
  <suite started-at="2024-06-05T07:30:19 IST" name="Default suite" finished-at="2024-06-05T07:30:22 IST" duration-ms="3248">
    <groups>
    </groups>
    <test started-at="2024-06-05T07:30:19 IST" name="Default test" finished-at="2024-06-05T07:30:22 IST" duration-ms="3248">
      <class name="extentreports.LearnExtentReport">
        <test-method signature="report()[pri:0, instance:extentreports.LearnExtentReport@1e0b4072]" started-at="2024-06-05T07:30:19 IST" name="report" finished-at="2024-06-05T07:30:22 IST" duration-ms="3090" status="PASS">
          <reporter-output>
          </reporter-output>
        </test-method> <!-- report -->
      </class> <!-- extentreports.LearnExtentReport -->
    </test> <!-- Default test -->
  </suite> <!-- Default suite -->
</testng-results>
